#
# There is insufficient memory for the Java Runtime Environment to continue.
# Native memory allocation (malloc) failed to allocate 1048576 bytes for AllocateHeap
# Possible reasons:
#   The system is out of physical RAM or swap space
#   The process is running with CompressedOops enabled, and the Java Heap may be blocking the growth of the native heap
# Possible solutions:
#   Reduce memory load on the system
#   Increase physical memory or swap space
#   Check if swap backing store is full
#   Decrease Java heap size (-Xmx/-Xms)
#   Decrease number of Java threads
#   Decrease Java thread stack sizes (-Xss)
#   Set larger code cache with -XX:ReservedCodeCacheSize=
#   JVM is running with Unscaled Compressed Oops mode in which the Java heap is
#     placed in the first 4GB address space. The Java Heap base address is the
#     maximum limit for the native heap growth. Please use -XX:HeapBaseMinAddress
#     to set the Java Heap base and to place the Java Heap above 4GB virtual address.
# This output file may be truncated or incomplete.
#
#  Out of Memory Error (memory/allocation.inline.hpp:61), pid=896, tid=0x0000000000001b9c
#
# JRE version:  (8.0_231-b11) (build )
# Java VM: Java HotSpot(TM) 64-Bit Server VM (25.231-b11 mixed mode windows-amd64 compressed oops)
# Failed to write core dump. Minidumps are not enabled by default on client versions of Windows
#

---------------  T H R E A D  ---------------

Current thread (0x0000000002731000):  JavaThread "Unknown thread" [_thread_in_vm, id=7068, stack(0x0000000002630000,0x0000000002730000)]

Stack: [0x0000000002630000,0x0000000002730000]
[error occurred during error reporting (printing stack bounds), id 0xc0000005]

Native frames: (J=compiled Java code, j=interpreted, Vv=VM code, C=native code)


---------------  P R O C E S S  ---------------

Java Threads: ( => current thread )

Other Threads:

=>0x0000000002731000 (exited) JavaThread "Unknown thread" [_thread_in_vm, id=7068, stack(0x0000000002630000,0x0000000002730000)]

VM state:not at safepoint (normal execution)

VM Mutex/Monitor currently owned by a thread: None

heap address: 0x00000000c0000000, size: 1024 MB, Compressed Oops mode: 32-bit
Narrow klass base: 0x0000000000000000, Narrow klass shift: 3
Compressed class space size: 1073741824 Address: 0x0000000100000000

Heap:
 PSYoungGen      total 18944K, used 327K [0x00000000eab00000, 0x00000000ec000000, 0x0000000100000000)
  eden space 16384K, 2% used [0x00000000eab00000,0x00000000eab51ec8,0x00000000ebb00000)
  from space 2560K, 0% used [0x00000000ebd80000,0x00000000ebd80000,0x00000000ec000000)
  to   space 2560K, 0% used [0x00000000ebb00000,0x00000000ebb00000,0x00000000ebd80000)
 ParOldGen       total 44032K, used 0K [0x00000000c0000000, 0x00000000c2b00000, 0x00000000eab00000)
  object space 44032K, 0% used [0x00000000c0000000,0x00000000c0000000,0x00000000c2b00000)
 Metaspace       used 752K, capacity 4480K, committed 4480K, reserved 1056768K
  class space    used 76K, capacity 384K, committed 384K, reserved 1048576K

Card table byte_map: [0x0000000011bf0000,0x0000000011e00000] byte_map_base: 0x00000000115f0000

Marking Bits: (ParMarkBitMap*) 0x0000000069c16d90
 Begin Bits: [0x0000000012360000, 0x0000000013360000)
 End Bits:   [0x0000000013360000, 0x0000000014360000)

Polling page: 0x0000000000d70000

CodeCache: size=245760Kb used=327Kb max_used=327Kb free=245432Kb
 bounds [0x0000000002830000, 0x0000000002aa0000, 0x0000000011830000]
 total_blobs=57 nmethods=0 adapters=38
 compilation: enabled

Compilation events (0 events):
No events

GC Heap History (0 events):
No events

Deoptimization events (0 events):
No events

Classes redefined (0 events):
No events

Internal exceptions (0 events):
No events

Events (10 events):
Event: 0.139 loading class java/lang/Short
Event: 0.140 loading class java/lang/Short done
Event: 0.140 loading class java/lang/Integer
Event: 0.140 loading class java/lang/Integer done
Event: 0.140 loading class java/lang/Long
Event: 0.141 loading class java/lang/Long done
Event: 0.144 loading class java/lang/NullPointerException
Event: 0.144 loading class java/lang/NullPointerException done
Event: 0.144 loading class java/lang/ArithmeticException
Event: 0.144 loading class java/lang/ArithmeticException done


Dynamic libraries:
0x00007ff626390000 - 0x00007ff6263c7000 	C:\Program Files\Java\jre1.8.0_231\bin\javaw.exe
0x00007ffbf4da0000 - 0x00007ffbf4f90000 	C:\WINDOWS\SYSTEM32\ntdll.dll
0x00007ffbf3300000 - 0x00007ffbf33b2000 	C:\WINDOWS\System32\KERNEL32.DLL
0x00007ffbf1d30000 - 0x00007ffbf1fd3000 	C:\WINDOWS\System32\KERNELBASE.dll
0x00007ffbf3db0000 - 0x00007ffbf3e53000 	C:\WINDOWS\System32\ADVAPI32.dll
0x00007ffbf4b30000 - 0x00007ffbf4bce000 	C:\WINDOWS\System32\msvcrt.dll
0x00007ffbf2f20000 - 0x00007ffbf2fb7000 	C:\WINDOWS\System32\sechost.dll
0x00007ffbf3f40000 - 0x00007ffbf4060000 	C:\WINDOWS\System32\RPCRT4.dll
0x00007ffbf4060000 - 0x00007ffbf41f4000 	C:\WINDOWS\System32\USER32.dll
0x00007ffbf2ab0000 - 0x00007ffbf2ad1000 	C:\WINDOWS\System32\win32u.dll
0x00007ffbf3a70000 - 0x00007ffbf3a96000 	C:\WINDOWS\System32\GDI32.dll
0x00007ffbf2b80000 - 0x00007ffbf2d14000 	C:\WINDOWS\System32\gdi32full.dll
0x00007ffbf2ae0000 - 0x00007ffbf2b7e000 	C:\WINDOWS\System32\msvcp_win.dll
0x00007ffbf2980000 - 0x00007ffbf2a7a000 	C:\WINDOWS\System32\ucrtbase.dll
0x00007ffbe51f0000 - 0x00007ffbe5475000 	C:\WINDOWS\WinSxS\amd64_microsoft.windows.common-controls_6595b64144ccf1df_6.0.18362.752_none_e6c0b5ed1312b70c\COMCTL32.dll
0x00007ffbf2fc0000 - 0x00007ffbf32f6000 	C:\WINDOWS\System32\combase.dll
0x00007ffbf2dd0000 - 0x00007ffbf2e50000 	C:\WINDOWS\System32\bcryptPrimitives.dll
0x00007ffbf4be0000 - 0x00007ffbf4c0e000 	C:\WINDOWS\System32\IMM32.DLL
0x0000000069ca0000 - 0x0000000069d72000 	C:\Program Files\Java\jre1.8.0_231\bin\msvcr100.dll
0x00000000693f0000 - 0x0000000069c96000 	C:\Program Files\Java\jre1.8.0_231\bin\server\jvm.dll
0x00007ffbf4bd0000 - 0x00007ffbf4bd8000 	C:\WINDOWS\System32\PSAPI.DLL
0x00007ffbefc60000 - 0x00007ffbefc84000 	C:\WINDOWS\SYSTEM32\WINMM.dll
0x00007ffbeb610000 - 0x00007ffbeb61a000 	C:\WINDOWS\SYSTEM32\VERSION.dll
0x00007ffbed170000 - 0x00007ffbed179000 	C:\WINDOWS\SYSTEM32\WSOCK32.dll
0x00007ffbefb00000 - 0x00007ffbefb2d000 	C:\WINDOWS\SYSTEM32\winmmbase.dll
0x00007ffbf1fe0000 - 0x00007ffbf202a000 	C:\WINDOWS\System32\cfgmgr32.dll
0x00007ffbf3ec0000 - 0x00007ffbf3f2f000 	C:\WINDOWS\System32\ws2_32.DLL
0x00007ffbee5f0000 - 0x00007ffbee5ff000 	C:\Program Files\Java\jre1.8.0_231\bin\verify.dll
0x00007ffbee5c0000 - 0x00007ffbee5e9000 	C:\Program Files\Java\jre1.8.0_231\bin\java.dll
0x00007ffbee550000 - 0x00007ffbee566000 	C:\Program Files\Java\jre1.8.0_231\bin\zip.dll

VM Arguments:
java_command: <unknown>
java_class_path (initial): .
Launcher Type: SUN_STANDARD

Environment Variables:
PATH=C:\Program Files (x86)\Common Files\Intel\Shared Libraries\redist\intel64\compiler;C:\Program Files (x86)\Common Files\Oracle\Java\javapath;C:\WINDOWS\system32;C:\WINDOWS;C:\WINDOWS\System32\Wbem;C:\WINDOWS\System32\WindowsPowerShell\v1.0\;C:\WINDOWS\System32\OpenSSH\;C:\Program Files\PuTTY\;C:\Program Files\nodejs\;C:\Program Files\Git\cmd;C:\Program Files (x86)\NVIDIA Corporation\PhysX\Common;C:\WINDOWS\system32;C:\WINDOWS;C:\WINDOWS\System32\Wbem;C:\WINDOWS\System32\WindowsPowerShell\v1.0\;C:\WINDOWS\System32\OpenSSH\;C:\Program Files (x86)\Brackets\command;C:\Users\bastek\AppData\Local\Microsoft\WindowsApps;C:\Users\bastek\AppData\Local\GitHubDesktop\bin;C:\Users\bastek\AppData\Roaming\npm;C:\Program Files\heroku\bin;C:\Users\bastek\AppData\Local\Microsoft\WindowsApps;;C:\Users\bastek\AppData\Local\Programs\Microsoft VS Code\bin
USERNAME=bastek
OS=Windows_NT
PROCESSOR_IDENTIFIER=AMD64 Family 16 Model 5 Stepping 3, AuthenticAMD



---------------  S Y S T E M  ---------------

OS: Windows 10.0 , 64 bit Build 18362 (10.0.18362.752)

CPU:total 4 (initial active 4) (4 cores per cpu, 1 threads per core) family 16 model 5 stepping 3, cmov, cx8, fxsr, mmx, sse, sse2, sse3, popcnt, mmxext, 3dnowpref, lzcnt, sse4a, tsc, tscinvbit, tscinv

Memory: 4k page, physical 4191796k(114044k free), swap 16774708k(5284k free)

vm_info: Java HotSpot(TM) 64-Bit Server VM (25.231-b11) for windows-amd64 JRE (1.8.0_231-b11), built on Oct  5 2019 03:11:30 by "java_re" with MS VC++ 10.0 (VS2010)

time: Mon Mar 30 11:45:47 2020
timezone: Srodkowoeuropejski czas letni
elapsed time: 0 seconds (0d 0h 0m 0s)

